0 info it worked if it ends with ok
1 verbose cli [ '/usr/local/bin/node',
1 verbose cli   '/usr/local/bin/npm',
1 verbose cli   'install',
1 verbose cli   '--global',
1 verbose cli   'coffeescript' ]
2 info using npm@2.15.8
3 info using node@v4.4.7
4 verbose install initial load of /usr/local/lib/package.json
5 verbose readDependencies loading dependencies from /usr/local/lib/package.json
6 silly cache add args [ 'coffeescript', null ]
7 verbose cache add spec coffeescript
8 silly cache add parsed spec Result {
8 silly cache add   raw: 'coffeescript',
8 silly cache add   scope: null,
8 silly cache add   name: 'coffeescript',
8 silly cache add   rawSpec: '',
8 silly cache add   spec: 'latest',
8 silly cache add   type: 'tag' }
9 silly addNamed coffeescript@latest
10 verbose addNamed "latest" is being treated as a dist-tag for coffeescript
11 info addNameTag [ 'coffeescript', 'latest' ]
12 silly mapToRegistry name coffeescript
13 silly mapToRegistry using default registry
14 silly mapToRegistry registry https://registry.npmjs.org/
15 silly mapToRegistry data Result {
15 silly mapToRegistry   raw: 'coffeescript',
15 silly mapToRegistry   scope: null,
15 silly mapToRegistry   name: 'coffeescript',
15 silly mapToRegistry   rawSpec: '',
15 silly mapToRegistry   spec: 'latest',
15 silly mapToRegistry   type: 'tag' }
16 silly mapToRegistry uri https://registry.npmjs.org/coffeescript
17 verbose addNameTag registry:https://registry.npmjs.org/coffeescript not in flight; fetching
18 verbose request uri https://registry.npmjs.org/coffeescript
19 verbose request no auth needed
20 info attempt registry request try #1 at 9:43:47 PM
21 verbose request id 9f3d0ed8276ba892
22 http request GET https://registry.npmjs.org/coffeescript
23 http 200 https://registry.npmjs.org/coffeescript
24 verbose headers { server: 'nginx/1.10.3',
24 verbose headers   'content-type': 'application/json',
24 verbose headers   'last-modified': 'Mon, 05 Jun 2017 11:10:17 GMT',
24 verbose headers   etag: 'W/"59353c19-11449"',
24 verbose headers   'content-encoding': 'gzip',
24 verbose headers   'cache-control': 'max-age=300',
24 verbose headers   'content-length': '7606',
24 verbose headers   'accept-ranges': 'bytes',
24 verbose headers   date: 'Sat, 17 Jun 2017 04:43:47 GMT',
24 verbose headers   via: '1.1 varnish',
24 verbose headers   age: '0',
24 verbose headers   connection: 'keep-alive',
24 verbose headers   'x-served-by': 'cache-sjc3137-SJC',
24 verbose headers   'x-cache': 'MISS',
24 verbose headers   'x-cache-hits': '0',
24 verbose headers   'x-timer': 'S1497674628.961429,VS0,VE23',
24 verbose headers   vary: 'Accept-Encoding' }
25 silly get cb [ 200,
25 silly get   { server: 'nginx/1.10.3',
25 silly get     'content-type': 'application/json',
25 silly get     'last-modified': 'Mon, 05 Jun 2017 11:10:17 GMT',
25 silly get     etag: 'W/"59353c19-11449"',
25 silly get     'content-encoding': 'gzip',
25 silly get     'cache-control': 'max-age=300',
25 silly get     'content-length': '7606',
25 silly get     'accept-ranges': 'bytes',
25 silly get     date: 'Sat, 17 Jun 2017 04:43:47 GMT',
25 silly get     via: '1.1 varnish',
25 silly get     age: '0',
25 silly get     connection: 'keep-alive',
25 silly get     'x-served-by': 'cache-sjc3137-SJC',
25 silly get     'x-cache': 'MISS',
25 silly get     'x-cache-hits': '0',
25 silly get     'x-timer': 'S1497674628.961429,VS0,VE23',
25 silly get     vary: 'Accept-Encoding' } ]
26 verbose get saving coffeescript to /Users/mwilkers/.npm/registry.npmjs.org/coffeescript/.cache.json
27 verbose correctMkdir /Users/mwilkers/.npm correctMkdir not in flight; initializing
28 silly addNameTag next cb for coffeescript with tag latest
29 silly addNamed coffeescript@1.12.6
30 verbose addNamed "1.12.6" is a plain semver version for coffeescript
31 silly mapToRegistry name coffeescript
32 silly mapToRegistry using default registry
33 silly mapToRegistry registry https://registry.npmjs.org/
34 silly mapToRegistry data Result {
34 silly mapToRegistry   raw: 'coffeescript',
34 silly mapToRegistry   scope: null,
34 silly mapToRegistry   name: 'coffeescript',
34 silly mapToRegistry   rawSpec: '',
34 silly mapToRegistry   spec: 'latest',
34 silly mapToRegistry   type: 'tag' }
35 silly mapToRegistry uri https://registry.npmjs.org/coffeescript
36 verbose addRemoteTarball https://registry.npmjs.org/coffeescript/-/coffeescript-1.12.6.tgz not in flight; adding
37 verbose addRemoteTarball [ 'https://registry.npmjs.org/coffeescript/-/coffeescript-1.12.6.tgz',
37 verbose addRemoteTarball   'dcbf2be5b64ce66505cb43c4ed7f1b44cb90f33c' ]
38 info retry fetch attempt 1 at 9:43:48 PM
39 info attempt registry request try #1 at 9:43:48 PM
40 http fetch GET https://registry.npmjs.org/coffeescript/-/coffeescript-1.12.6.tgz
41 http fetch 200 https://registry.npmjs.org/coffeescript/-/coffeescript-1.12.6.tgz
42 silly fetchAndShaCheck shasum dcbf2be5b64ce66505cb43c4ed7f1b44cb90f33c
43 verbose addTmpTarball /var/folders/zs/zwlwpgx17ng91d5v8d8pf21xz7zkgk/T/npm-1070-2c26eec5/registry.npmjs.org/coffeescript/-/coffeescript-1.12.6.tgz not in flight; adding
44 verbose addTmpTarball already have metadata; skipping unpack for coffeescript@1.12.6
45 verbose correctMkdir /Users/mwilkers/.npm correctMkdir not in flight; initializing
46 silly cache afterAdd coffeescript@1.12.6
47 verbose afterAdd /Users/mwilkers/.npm/coffeescript/1.12.6/package/package.json not in flight; writing
48 verbose correctMkdir /Users/mwilkers/.npm correctMkdir not in flight; initializing
49 verbose afterAdd /Users/mwilkers/.npm/coffeescript/1.12.6/package/package.json written
50 silly install resolved [ { name: 'coffeescript',
50 silly install resolved     description: 'Unfancy JavaScript',
50 silly install resolved     keywords: [ 'javascript', 'language', 'coffeescript', 'compiler' ],
50 silly install resolved     author: { name: 'Jeremy Ashkenas' },
50 silly install resolved     version: '1.12.6',
50 silly install resolved     license: 'MIT',
50 silly install resolved     engines: { node: '>=0.8.0' },
50 silly install resolved     directories: { lib: './lib/coffee-script' },
50 silly install resolved     main: './lib/coffee-script/coffee-script',
50 silly install resolved     bin: { coffee: './bin/coffee', cake: './bin/cake' },
50 silly install resolved     files: [ 'bin', 'lib', 'register.js', 'repl.js' ],
50 silly install resolved     scripts:
50 silly install resolved      { test: 'node ./bin/cake test',
50 silly install resolved        'test-harmony': 'node --harmony ./bin/cake test' },
50 silly install resolved     homepage: 'http://coffeescript.org',
50 silly install resolved     bugs: { url: 'https://github.com/jashkenas/coffeescript/issues' },
50 silly install resolved     repository:
50 silly install resolved      { type: 'git',
50 silly install resolved        url: 'git://github.com/jashkenas/coffeescript.git' },
50 silly install resolved     devDependencies:
50 silly install resolved      { docco: '~0.7.0',
50 silly install resolved        'google-closure-compiler-js': '^20170423.0.0',
50 silly install resolved        'highlight.js': '~9.11.0',
50 silly install resolved        jison: '>=0.4.17',
50 silly install resolved        'markdown-it': '^8.3.1',
50 silly install resolved        underscore: '~1.8.3' },
50 silly install resolved     gitHead: 'f0e9837dca51244ef994ff535768d3a606912020',
50 silly install resolved     _id: 'coffeescript@1.12.6',
50 silly install resolved     _shasum: 'dcbf2be5b64ce66505cb43c4ed7f1b44cb90f33c',
50 silly install resolved     _from: 'coffeescript@latest',
50 silly install resolved     _npmVersion: '4.2.0',
50 silly install resolved     _nodeVersion: '7.10.0',
50 silly install resolved     _npmUser:
50 silly install resolved      { name: 'geoffreybooth',
50 silly install resolved        email: 'computing+npm@geoffreybooth.com' },
50 silly install resolved     dist:
50 silly install resolved      { shasum: 'dcbf2be5b64ce66505cb43c4ed7f1b44cb90f33c',
50 silly install resolved        tarball: 'https://registry.npmjs.org/coffeescript/-/coffeescript-1.12.6.tgz' },
50 silly install resolved     maintainers: [ [Object], [Object], [Object] ],
50 silly install resolved     _npmOperationalInternal:
50 silly install resolved      { host: 'packages-18-east.internal.npmjs.com',
50 silly install resolved        tmp: 'tmp/coffeescript-1.12.6.tgz_1494823167707_0.1376794772222638' },
50 silly install resolved     _resolved: 'https://registry.npmjs.org/coffeescript/-/coffeescript-1.12.6.tgz' } ]
51 info install coffeescript@1.12.6 into /usr/local/lib
52 info installOne coffeescript@1.12.6
53 verbose installOne of coffeescript to /usr/local/lib not in flight; installing
54 verbose correctMkdir /Users/mwilkers/.npm/_locks correctMkdir not in flight; initializing
55 verbose lock using /Users/mwilkers/.npm/_locks/coffeescript-679fe880155c2158.lock for /usr/local/lib/node_modules/coffeescript
56 silly install write writing coffeescript 1.12.6 to /usr/local/lib/node_modules/coffeescript
57 verbose unbuild lib/node_modules/coffeescript
58 silly gentlyRm /usr/local/lib/node_modules/coffeescript is being purged from base /usr/local
59 verbose gentlyRm don't care about contents; nuking /usr/local/lib/node_modules/coffeescript
60 verbose tar unpack /Users/mwilkers/.npm/coffeescript/1.12.6/package.tgz
61 verbose tar unpacking to /usr/local/lib/node_modules/coffeescript
62 silly gentlyRm /usr/local/lib/node_modules/coffeescript is being purged
63 verbose gentlyRm don't care about contents; nuking /usr/local/lib/node_modules/coffeescript
64 silly gunzTarPerm modes [ '755', '644' ]
65 error tar.unpack untar error /Users/mwilkers/.npm/coffeescript/1.12.6/package.tgz
66 verbose unlock done using /Users/mwilkers/.npm/_locks/coffeescript-679fe880155c2158.lock for /usr/local/lib/node_modules/coffeescript
67 verbose fstream_path /usr/local/lib/node_modules/coffeescript
68 verbose fstream_type Directory
69 verbose fstream_class DirWriter
70 verbose stack Error: EACCES: permission denied, mkdir '/usr/local/lib/node_modules/coffeescript'
70 verbose stack     at Error (native)
71 verbose fstream_stack /usr/local/lib/node_modules/npm/node_modules/fstream/lib/dir-writer.js:35:25
71 verbose fstream_stack /usr/local/lib/node_modules/npm/node_modules/mkdirp/index.js:47:53
71 verbose fstream_stack FSReqWrap.oncomplete (fs.js:82:15)
72 verbose cwd /Users/mwilkers/Desktop/DataSketch-wip-codap-plugin/lib/modules/datasketch/data
73 error Darwin 16.6.0
74 error argv "/usr/local/bin/node" "/usr/local/bin/npm" "install" "--global" "coffeescript"
75 error node v4.4.7
76 error npm  v2.15.8
77 error path /usr/local/lib/node_modules/coffeescript
78 error code EACCES
79 error errno -13
80 error syscall mkdir
81 error Error: EACCES: permission denied, mkdir '/usr/local/lib/node_modules/coffeescript'
81 error     at Error (native)
81 error  { [Error: EACCES: permission denied, mkdir '/usr/local/lib/node_modules/coffeescript']
81 error   errno: -13,
81 error   code: 'EACCES',
81 error   syscall: 'mkdir',
81 error   path: '/usr/local/lib/node_modules/coffeescript',
81 error   fstream_type: 'Directory',
81 error   fstream_path: '/usr/local/lib/node_modules/coffeescript',
81 error   fstream_class: 'DirWriter',
81 error   fstream_stack:
81 error    [ '/usr/local/lib/node_modules/npm/node_modules/fstream/lib/dir-writer.js:35:25',
81 error      '/usr/local/lib/node_modules/npm/node_modules/mkdirp/index.js:47:53',
81 error      'FSReqWrap.oncomplete (fs.js:82:15)' ] }
82 error Please try running this command again as root/Administrator.
83 verbose exit [ -13, true ]
84 verbose unbuild lib/node_modules/coffeescript
85 silly gentlyRm /usr/local/lib/node_modules/coffeescript is being purged from base /usr/local
86 verbose gentlyRm don't care about contents; nuking /usr/local/lib/node_modules/coffeescript
